Build started 09-10-2015 01:52:24.
     1>Project "D:\Universidade\6 ano\1 Sem\SI\Trabalho1\Trabalho1.vcxproj" on node 2 (Build target(s)).
     1>ClCompile:
         C:\Program Files (x86)\Microsoft Visual Studio 14.0\VC\bin\CL.exe /c /I"D:\Universidade\6 ano\1 Sem\SI\Trabalho1" /ZI /nologo /W3 /WX- /Od /Oy- /D _CRT_SECURE_NO_WARINGS /D WIN32 /D _DEBUG /D _CONSOLE /D _UNICODE /D UNICODE /Gm /EHsc /RTC1 /MDd /GS /fp:precise /Zc:wchar_t /Zc:forScope /Zc:inline /Fo"Debug\\" /Fd"Debug\vc140.pdb" /Gd /TP /analyze- /errorReport:prompt Trabalho1.cpp
         Trabalho1.cpp
     1>d:\universidade\6 ano\1 sem\si\trabalho1\trabalho1.cpp(164): warning C4244: 'argument': conversion from 'uInt32' to 'uInt8', possible loss of data
     1>d:\universidade\6 ano\1 sem\si\trabalho1\trabalho1.cpp(165): warning C4244: 'argument': conversion from 'uInt32' to 'uInt8', possible loss of data
     1>d:\universidade\6 ano\1 sem\si\trabalho1\trabalho1.cpp(166): warning C4244: 'argument': conversion from 'uInt32' to 'uInt8', possible loss of data
     1>d:\universidade\6 ano\1 sem\si\trabalho1\trabalho1.cpp(167): warning C4244: 'argument': conversion from 'uInt32' to 'uInt8', possible loss of data
     1>d:\universidade\6 ano\1 sem\si\trabalho1\trabalho1.cpp(168): warning C4244: 'argument': conversion from 'uInt32' to 'uInt8', possible loss of data
     1>d:\universidade\6 ano\1 sem\si\trabalho1\trabalho1.cpp(169): warning C4244: 'argument': conversion from 'uInt32' to 'uInt8', possible loss of data
     1>d:\universidade\6 ano\1 sem\si\trabalho1\trabalho1.cpp(170): warning C4244: 'argument': conversion from 'uInt32' to 'uInt8', possible loss of data
     1>d:\universidade\6 ano\1 sem\si\trabalho1\trabalho1.cpp(171): warning C4244: 'argument': conversion from 'uInt32' to 'uInt8', possible loss of data
     1>d:\universidade\6 ano\1 sem\si\trabalho1\trabalho1.cpp(172): warning C4244: 'argument': conversion from 'uInt32' to 'uInt8', possible loss of data
     1>d:\universidade\6 ano\1 sem\si\trabalho1\trabalho1.cpp(173): warning C4244: 'argument': conversion from 'uInt32' to 'uInt8', possible loss of data
     1>d:\universidade\6 ano\1 sem\si\trabalho1\trabalho1.cpp(175): warning C4244: 'argument': conversion from 'uInt32' to 'uInt8', possible loss of data
     1>d:\universidade\6 ano\1 sem\si\trabalho1\trabalho1.cpp(176): warning C4244: 'argument': conversion from 'uInt32' to 'uInt8', possible loss of data
     1>d:\universidade\6 ano\1 sem\si\trabalho1\trabalho1.cpp(177): warning C4244: 'argument': conversion from 'uInt32' to 'uInt8', possible loss of data
     1>d:\universidade\6 ano\1 sem\si\trabalho1\trabalho1.cpp(178): warning C4244: 'argument': conversion from 'uInt32' to 'uInt8', possible loss of data
     1>d:\universidade\6 ano\1 sem\si\trabalho1\trabalho1.cpp(179): warning C4244: 'argument': conversion from 'uInt32' to 'uInt8', possible loss of data
     1>d:\universidade\6 ano\1 sem\si\trabalho1\trabalho1.cpp(180): warning C4244: 'argument': conversion from 'uInt32' to 'uInt8', possible loss of data
     1>d:\universidade\6 ano\1 sem\si\trabalho1\trabalho1.cpp(181): warning C4244: 'argument': conversion from 'uInt32' to 'uInt8', possible loss of data
     1>d:\universidade\6 ano\1 sem\si\trabalho1\trabalho1.cpp(182): warning C4244: 'argument': conversion from 'uInt32' to 'uInt8', possible loss of data
     1>d:\universidade\6 ano\1 sem\si\trabalho1\trabalho1.cpp(183): warning C4244: 'argument': conversion from 'uInt32' to 'uInt8', possible loss of data
     1>d:\universidade\6 ano\1 sem\si\trabalho1\trabalho1.cpp(184): warning C4244: 'argument': conversion from 'uInt32' to 'uInt8', possible loss of data
     1>d:\universidade\6 ano\1 sem\si\trabalho1\trabalho1.cpp(186): warning C4244: 'argument': conversion from 'uInt32' to 'uInt8', possible loss of data
     1>d:\universidade\6 ano\1 sem\si\trabalho1\trabalho1.cpp(187): warning C4244: 'argument': conversion from 'uInt32' to 'uInt8', possible loss of data
     1>d:\universidade\6 ano\1 sem\si\trabalho1\trabalho1.cpp(188): warning C4244: 'argument': conversion from 'uInt32' to 'uInt8', possible loss of data
     1>d:\universidade\6 ano\1 sem\si\trabalho1\trabalho1.cpp(200): warning C4996: 'getch': The POSIX name for this item is deprecated. Instead, use the ISO C and C++ conformant name: _getch. See online help for details.
         c:\program files (x86)\windows kits\10\include\10.0.10150.0\ucrt\conio.h(452): note: see declaration of 'getch'
     1>d:\universidade\6 ano\1 sem\si\trabalho1\trabalho1.cpp(256): warning C4996: 'getch': The POSIX name for this item is deprecated. Instead, use the ISO C and C++ conformant name: _getch. See online help for details.
         c:\program files (x86)\windows kits\10\include\10.0.10150.0\ucrt\conio.h(452): note: see declaration of 'getch'
       Link:
         C:\Program Files (x86)\Microsoft Visual Studio 14.0\VC\bin\link.exe /ERRORREPORT:PROMPT /OUT:"D:\Universidade\6 ano\1 Sem\SI\Trabalho1\Debug\Trabalho1.exe" /INCREMENTAL /NOLOGO kernel32.lib user32.lib gdi32.lib winspool.lib comdlg32.lib advapi32.lib shell32.lib ole32.lib oleaut32.lib uuid.lib odbc32.lib odbccp32.lib kernel32.lib user32.lib gdi32.lib winspool.lib comdlg32.lib advapi32.lib shell32.lib ole32.lib oleaut32.lib uuid.lib odbc32.lib odbccp32.lib "D:\Universidade\6 ano\1 Sem\SI\Trabalho1\NIDAQmx.lib" wsock32.lib /MANIFEST /MANIFESTUAC:"level='asInvoker' uiAccess='false'" /manifest:embed /Debug /PDB:"D:\Universidade\6 ano\1 Sem\SI\Trabalho1\Debug\Trabalho1.pdb" /SUBSYSTEM:CONSOLE /TLBID:1 /DYNAMICBASE /NXCOMPAT /IMPLIB:"D:\Universidade\6 ano\1 Sem\SI\Trabalho1\Debug\Trabalho1.lib" /MACHINE:X86 Debug\interface.obj
         Debug\stdafx.obj
         Debug\Trabalho1.obj
         Debug\WarehouseControl.obj
         Trabalho1.vcxproj -> D:\Universidade\6 ano\1 Sem\SI\Trabalho1\Debug\Trabalho1.exe
     1>Done Building Project "D:\Universidade\6 ano\1 Sem\SI\Trabalho1\Trabalho1.vcxproj" (Build target(s)).

Build succeeded.

Time Elapsed 00:00:00.61
